[     969ms] [INFO] %cDownload the React DevTools for a better development experience: https://react.dev/link/react-devtools font-weight:bold @ http://localhost:3002/_next/static/chunks/node_modules_next_dist_f3530cac._.js:2297
[    1056ms] [LOG] [HMR] connected @ http://localhost:3002/_next/static/chunks/node_modules_next_dist_f3530cac._.js:2297
[    1182ms] [LOG] %c[Vercel Speed Insights]%c Debug mode is enabled by default in development. No requests will be sent to the server. color: rgb(120, 120, 120) color: inherit @ http://localhost:3002/_next/static/chunks/node_modules_next_dist_f3530cac._.js:2297
[    1184ms] [LOG] %c[Vercel Web Analytics]%c Debug mode is enabled by default in development. No requests will be sent to the server. color: rgb(120, 120, 120) color: inherit @ http://localhost:3002/_next/static/chunks/node_modules_next_dist_f3530cac._.js:2297
[    1185ms] [LOG] %c[Vercel Web Analytics]%c [view] http://localhost:3002/arcade color: rgb(120, 120, 120) color: inherit {o: http://localhost:3002/arcade, sv: 0.1.3, sdkn: @vercel/analytics/react, sdkv: 1.6.1, ts: 1775270652910} /_vercel/insights/view @ http://localhost:3002/_next/static/chunks/node_modules_next_dist_f3530cac._.js:2297
[    1233ms] [LOG] [Fast Refresh] rebuilding @ http://localhost:3002/_next/static/chunks/node_modules_next_dist_f3530cac._.js:2297
[    1749ms] [LOG] [Fast Refresh] done in 616ms @ http://localhost:3002/_next/static/chunks/node_modules_next_dist_f3530cac._.js:2297
[    2955ms] [LOG] %c %c %c %c %c Phaser v3.90.0 (WebGL | Web Audio) %c https://phaser.io/v390 background: #ff0000 background: #ffff00 background: #00ff00 background: #00ffff color: #ffffff; background: #000000 background: transparent @ http://localhost:3002/_next/static/chunks/node_modules_next_dist_f3530cac._.js:2297
[    2975ms] [LOG] %c %c %c %c %c Phaser v3.90.0 (WebGL | Web Audio) %c https://phaser.io/v390 background: #ff0000 background: #ffff00 background: #00ff00 background: #00ffff color: #ffffff; background: #000000 background: transparent @ http://localhost:3002/_next/static/chunks/node_modules_next_dist_f3530cac._.js:2297
[    3796ms] [LOG] [Fast Refresh] rebuilding @ http://localhost:3002/_next/static/chunks/node_modules_next_dist_f3530cac._.js:2297
[    4226ms] [LOG] [Fast Refresh] done in 530ms @ http://localhost:3002/_next/static/chunks/node_modules_next_dist_f3530cac._.js:2297
[   35240ms] [LOG] [Fast Refresh] rebuilding @ http://localhost:3002/_next/static/chunks/node_modules_next_dist_f3530cac._.js:2297
[   35756ms] [LOG] [Fast Refresh] done in 618ms @ http://localhost:3002/_next/static/chunks/node_modules_next_dist_f3530cac._.js:2297
[  242249ms] [LOG] [Fast Refresh] rebuilding @ http://localhost:3002/_next/static/chunks/node_modules_next_dist_f3530cac._.js:2297
[  242516ms] [LOG] [Fast Refresh] done in 371ms @ http://localhost:3002/_next/static/chunks/node_modules_next_dist_f3530cac._.js:2297
[  244054ms] [LOG] [Fast Refresh] rebuilding @ http://localhost:3002/_next/static/chunks/node_modules_next_dist_f3530cac._.js:2297
[  244196ms] [LOG] [Fast Refresh] done in 244ms @ http://localhost:3002/_next/static/chunks/node_modules_next_dist_f3530cac._.js:2297
[  259562ms] [LOG] [Fast Refresh] rebuilding @ http://localhost:3002/_next/static/chunks/node_modules_next_dist_f3530cac._.js:2297
[  259669ms] [LOG] [Fast Refresh] done in 207ms @ http://localhost:3002/_next/static/chunks/node_modules_next_dist_f3530cac._.js:2297
[  275270ms] [LOG] [Fast Refresh] rebuilding @ http://localhost:3002/_next/static/chunks/node_modules_next_dist_f3530cac._.js:2297
[  275518ms] [LOG] [Fast Refresh] done in 350ms @ http://localhost:3002/_next/static/chunks/node_modules_next_dist_f3530cac._.js:2297
[  314430ms] [LOG] [Fast Refresh] rebuilding @ http://localhost:3002/_next/static/chunks/node_modules_next_dist_f3530cac._.js:2297
[  314598ms] [LOG] [Fast Refresh] done in 269ms @ http://localhost:3002/_next/static/chunks/node_modules_next_dist_f3530cac._.js:2297
[  355954ms] [LOG] [Fast Refresh] rebuilding @ http://localhost:3002/_next/static/chunks/node_modules_next_dist_f3530cac._.js:2297
[  355981ms] [LOG] [Fast Refresh] done in 130ms @ http://localhost:3002/_next/static/chunks/node_modules_next_dist_f3530cac._.js:2297
[  401296ms] [LOG] [Fast Refresh] rebuilding @ http://localhost:3002/_next/static/chunks/node_modules_next_dist_f3530cac._.js:2297
[  401544ms] [LOG] [Fast Refresh] done in 349ms @ http://localhost:3002/_next/static/chunks/node_modules_next_dist_f3530cac._.js:2297
[  415984ms] [LOG] [Fast Refresh] rebuilding @ http://localhost:3002/_next/static/chunks/node_modules_next_dist_f3530cac._.js:2297
[  416017ms] [LOG] [Fast Refresh] done in 135ms @ http://localhost:3002/_next/static/chunks/node_modules_next_dist_f3530cac._.js:2297
[  438189ms] [LOG] [Fast Refresh] rebuilding @ http://localhost:3002/_next/static/chunks/node_modules_next_dist_f3530cac._.js:2297
[  438701ms] [LOG] [Fast Refresh] done in 614ms @ http://localhost:3002/_next/static/chunks/node_modules_next_dist_f3530cac._.js:2297
[  440194ms] [LOG] [Fast Refresh] rebuilding @ http://localhost:3002/_next/static/chunks/node_modules_next_dist_f3530cac._.js:2297
[  440347ms] [LOG] [Fast Refresh] done in 253ms @ http://localhost:3002/_next/static/chunks/node_modules_next_dist_f3530cac._.js:2297
[  585251ms] [LOG] [Fast Refresh] rebuilding @ http://localhost:3002/_next/static/chunks/node_modules_next_dist_f3530cac._.js:2297
[  585346ms] [LOG] [Fast Refresh] done in 196ms @ http://localhost:3002/_next/static/chunks/node_modules_next_dist_f3530cac._.js:2297
[  618660ms] [LOG] [Fast Refresh] rebuilding @ http://localhost:3002/_next/static/chunks/node_modules_next_dist_f3530cac._.js:2297
[  618700ms] [LOG] [Fast Refresh] done in 140ms @ http://localhost:3002/_next/static/chunks/node_modules_next_dist_f3530cac._.js:2297
[  623216ms] [LOG] [Fast Refresh] rebuilding @ http://localhost:3002/_next/static/chunks/node_modules_next_dist_f3530cac._.js:2297
[  623393ms] [ERROR] ./components/LocationMap.tsx:3:1
Export MapTypeControlStyle doesn't exist in target module
  1 | "use client";
  2 |
> 3 | import { APIProvider, Map, Marker, ControlPosition, MapTypeControlStyle, useMapsLibrary } from "@vis.gl/react-google-maps";
    | ^^^^^^^^^^^^^^^^^^^^^^^^^^^^^^^^^^^^^^^^^^^^^^^^^^^^^^^^^^^^^^^^^^^^^^^^^^^^^^^^^^^^^^^^^^^^^^^^^^^^^^^^^^^^^^^^^^^^^^^^^^^
  4 | import { useState, useEffect } from "react";
  5 |
  6 | const GOOGLE_MAPS_API_KEY = process.env.NEXT_PUBLIC_GOOGLE_MAPS_API_KEY || "";

The export MapTypeControlStyle was not found in module [project]/node_modules/@vis.gl/react-google-maps/dist/index.modern.mjs [app-client] (ecmascript).
Did you mean to import MapControl?
All exports of the module are statically known (It doesn't have dynamic exports). So it's known statically that the requested export doesn't exist.

Import trace:
  Client Component Browser:
    ./components/LocationMap.tsx [Client Component Browser]
    ./app/admin/registrations/[id]/page.tsx [Client Component Browser]
    ./app/admin/registrations/[id]/page.tsx [Server Component] @ http://localhost:3002/_next/static/chunks/node_modules_next_dist_f3530cac._.js:3127
[  624564ms] [LOG] [Fast Refresh] rebuilding @ http://localhost:3002/_next/static/chunks/node_modules_next_dist_f3530cac._.js:2297
[  624692ms] [ERROR] ./components/LocationMap.tsx:3:1
Export MapTypeControlStyle doesn't exist in target module
  1 | "use client";
  2 |
> 3 | import { APIProvider, Map, Marker, ControlPosition, MapTypeControlStyle, useMapsLibrary } from "@vis.gl/react-google-maps";
    | ^^^^^^^^^^^^^^^^^^^^^^^^^^^^^^^^^^^^^^^^^^^^^^^^^^^^^^^^^^^^^^^^^^^^^^^^^^^^^^^^^^^^^^^^^^^^^^^^^^^^^^^^^^^^^^^^^^^^^^^^^^^
  4 | import { useState, useEffect } from "react";
  5 |
  6 | const GOOGLE_MAPS_API_KEY = process.env.NEXT_PUBLIC_GOOGLE_MAPS_API_KEY || "";

The export MapTypeControlStyle was not found in module [project]/node_modules/@vis.gl/react-google-maps/dist/index.modern.mjs [app-client] (ecmascript).
Did you mean to import MapControl?
All exports of the module are statically known (It doesn't have dynamic exports). So it's known statically that the requested export doesn't exist.

Import trace:
  Client Component Browser:
    ./components/LocationMap.tsx [Client Component Browser]
    ./app/admin/registrations/[id]/page.tsx [Client Component Browser]
    ./app/admin/registrations/[id]/page.tsx [Server Component] @ http://localhost:3002/_next/static/chunks/node_modules_next_dist_f3530cac._.js:3127
[  627204ms] [ERROR] ./components/LocationMap.tsx:3:1
Export MapTypeControlStyle doesn't exist in target module
  1 | "use client";
  2 |
> 3 | import { APIProvider, Map, Marker, ControlPosition, MapTypeControlStyle, useMapsLibrary } from "@vis.gl/react-google-maps";
    | ^^^^^^^^^^^^^^^^^^^^^^^^^^^^^^^^^^^^^^^^^^^^^^^^^^^^^^^^^^^^^^^^^^^^^^^^^^^^^^^^^^^^^^^^^^^^^^^^^^^^^^^^^^^^^^^^^^^^^^^^^^^
  4 | import { useState, useEffect } from "react";
  5 |
  6 | const GOOGLE_MAPS_API_KEY = process.env.NEXT_PUBLIC_GOOGLE_MAPS_API_KEY || "";

The export MapTypeControlStyle was not found in module [project]/node_modules/@vis.gl/react-google-maps/dist/index.modern.mjs [app-client] (ecmascript).
Did you mean to import MapControl?
All exports of the module are statically known (It doesn't have dynamic exports). So it's known statically that the requested export doesn't exist.

Import trace:
  Client Component Browser:
    ./components/LocationMap.tsx [Client Component Browser]
    ./app/admin/registrations/[id]/page.tsx [Client Component Browser]
    ./app/admin/registrations/[id]/page.tsx [Server Component] @ http://localhost:3002/_next/static/chunks/node_modules_next_dist_f3530cac._.js:3127
[  627245ms] [LOG] [Fast Refresh] rebuilding @ http://localhost:3002/_next/static/chunks/node_modules_next_dist_f3530cac._.js:2297
[  663141ms] [ERROR] ./components/LocationMap.tsx:3:1
Export MapTypeControlStyle doesn't exist in target module
  1 | "use client";
  2 |
> 3 | import { APIProvider, Map, Marker, ControlPosition, MapTypeControlStyle, useMapsLibrary } from "@vis.gl/react-google-maps";
    | ^^^^^^^^^^^^^^^^^^^^^^^^^^^^^^^^^^^^^^^^^^^^^^^^^^^^^^^^^^^^^^^^^^^^^^^^^^^^^^^^^^^^^^^^^^^^^^^^^^^^^^^^^^^^^^^^^^^^^^^^^^^
  4 | import { useState, useEffect } from "react";
  5 |
  6 | const GOOGLE_MAPS_API_KEY = process.env.NEXT_PUBLIC_GOOGLE_MAPS_API_KEY || "";

The export MapTypeControlStyle was not found in module [project]/node_modules/@vis.gl/react-google-maps/dist/index.modern.mjs [app-client] (ecmascript).
Did you mean to import MapControl?
All exports of the module are statically known (It doesn't have dynamic exports). So it's known statically that the requested export doesn't exist.

Import trace:
  Client Component Browser:
    ./components/LocationMap.tsx [Client Component Browser]
    ./app/admin/registrations/[id]/page.tsx [Client Component Browser]
    ./app/admin/registrations/[id]/page.tsx [Server Component] @ http://localhost:3002/_next/static/chunks/node_modules_next_dist_f3530cac._.js:3127
[  663162ms] [LOG] [Fast Refresh] rebuilding @ http://localhost:3002/_next/static/chunks/node_modules_next_dist_f3530cac._.js:2297
[  701146ms] [ERROR] ./components/LocationMap.tsx:3:1
Export MapTypeControlStyle doesn't exist in target module
  1 | "use client";
  2 |
> 3 | import { APIProvider, Map, Marker, ControlPosition, MapTypeControlStyle, useMapsLibrary } from "@vis.gl/react-google-maps";
    | ^^^^^^^^^^^^^^^^^^^^^^^^^^^^^^^^^^^^^^^^^^^^^^^^^^^^^^^^^^^^^^^^^^^^^^^^^^^^^^^^^^^^^^^^^^^^^^^^^^^^^^^^^^^^^^^^^^^^^^^^^^^
  4 | import { useState, useEffect } from "react";
  5 |
  6 | const GOOGLE_MAPS_API_KEY = process.env.NEXT_PUBLIC_GOOGLE_MAPS_API_KEY || "";

The export MapTypeControlStyle was not found in module [project]/node_modules/@vis.gl/react-google-maps/dist/index.modern.mjs [app-client] (ecmascript).
Did you mean to import MapControl?
All exports of the module are statically known (It doesn't have dynamic exports). So it's known statically that the requested export doesn't exist.

Import trace:
  Client Component Browser:
    ./components/LocationMap.tsx [Client Component Browser]
    ./app/admin/registrations/[id]/page.tsx [Client Component Browser]
    ./app/admin/registrations/[id]/page.tsx [Server Component] @ http://localhost:3002/_next/static/chunks/node_modules_next_dist_f3530cac._.js:3127
[  701175ms] [LOG] [Fast Refresh] rebuilding @ http://localhost:3002/_next/static/chunks/node_modules_next_dist_f3530cac._.js:2297
[  740657ms] [ERROR] ./components/LocationMap.tsx:3:1
Export MapTypeControlStyle doesn't exist in target module
  1 | "use client";
  2 |
> 3 | import { APIProvider, Map, Marker, ControlPosition, MapTypeControlStyle, useMapsLibrary } from "@vis.gl/react-google-maps";
    | ^^^^^^^^^^^^^^^^^^^^^^^^^^^^^^^^^^^^^^^^^^^^^^^^^^^^^^^^^^^^^^^^^^^^^^^^^^^^^^^^^^^^^^^^^^^^^^^^^^^^^^^^^^^^^^^^^^^^^^^^^^^
  4 | import { useState, useEffect } from "react";
  5 |
  6 | const GOOGLE_MAPS_API_KEY = process.env.NEXT_PUBLIC_GOOGLE_MAPS_API_KEY || "";

The export MapTypeControlStyle was not found in module [project]/node_modules/@vis.gl/react-google-maps/dist/index.modern.mjs [app-client] (ecmascript).
Did you mean to import MapControl?
All exports of the module are statically known (It doesn't have dynamic exports). So it's known statically that the requested export doesn't exist.

Import trace:
  Client Component Browser:
    ./components/LocationMap.tsx [Client Component Browser]
    ./app/admin/registrations/[id]/page.tsx [Client Component Browser]
    ./app/admin/registrations/[id]/page.tsx [Server Component] @ http://localhost:3002/_next/static/chunks/node_modules_next_dist_f3530cac._.js:3127
[  740691ms] [LOG] [Fast Refresh] rebuilding @ http://localhost:3002/_next/static/chunks/node_modules_next_dist_f3530cac._.js:2297
[  778777ms] [WARNING] Canvas2D: Multiple readback operations using getImageData are faster with the willReadFrequently attribute set to true. See: https://html.spec.whatwg.org/multipage/canvas.html#concept-canvas-will-read-frequently @ http://localhost:3002/_next/static/chunks/node_modules_phaser_dist_phaser_6af1abcd.js:161385
[  778799ms] [WARNING] Canvas2D: Multiple readback operations using getImageData are faster with the willReadFrequently attribute set to true. See: https://html.spec.whatwg.org/multipage/canvas.html#concept-canvas-will-read-frequently @ http://localhost:3002/_next/static/chunks/node_modules_phaser_dist_phaser_6af1abcd.js:161385
[  783925ms] [ERROR] ./components/LocationMap.tsx:3:1
Export MapTypeControlStyle doesn't exist in target module
  1 | "use client";
  2 |
> 3 | import { APIProvider, Map, Marker, ControlPosition, MapTypeControlStyle, useMapsLibrary } from "@vis.gl/react-google-maps";
    | ^^^^^^^^^^^^^^^^^^^^^^^^^^^^^^^^^^^^^^^^^^^^^^^^^^^^^^^^^^^^^^^^^^^^^^^^^^^^^^^^^^^^^^^^^^^^^^^^^^^^^^^^^^^^^^^^^^^^^^^^^^^
  4 | import { useState, useEffect } from "react";
  5 |
  6 | const GOOGLE_MAPS_API_KEY = process.env.NEXT_PUBLIC_GOOGLE_MAPS_API_KEY || "";

The export MapTypeControlStyle was not found in module [project]/node_modules/@vis.gl/react-google-maps/dist/index.modern.mjs [app-client] (ecmascript).
Did you mean to import MapControl?
All exports of the module are statically known (It doesn't have dynamic exports). So it's known statically that the requested export doesn't exist.

Import trace:
  Client Component Browser:
    ./components/LocationMap.tsx [Client Component Browser]
    ./app/admin/registrations/[id]/page.tsx [Client Component Browser]
    ./app/admin/registrations/[id]/page.tsx [Server Component] @ http://localhost:3002/_next/static/chunks/node_modules_next_dist_f3530cac._.js:3127
[  783951ms] [LOG] [Fast Refresh] rebuilding @ http://localhost:3002/_next/static/chunks/node_modules_next_dist_f3530cac._.js:2297
[  825987ms] [LOG] [Fast Refresh] rebuilding @ http://localhost:3002/_next/static/chunks/node_modules_next_dist_f3530cac._.js:2297
[  826116ms] [ERROR] ./components/LocationMap.tsx:3:1
Export MapTypeControlStyle doesn't exist in target module
  1 | "use client";
  2 |
> 3 | import { APIProvider, Map, Marker, ControlPosition, MapTypeControlStyle, useMapsLibrary } from "@vis.gl/react-google-maps";
    | ^^^^^^^^^^^^^^^^^^^^^^^^^^^^^^^^^^^^^^^^^^^^^^^^^^^^^^^^^^^^^^^^^^^^^^^^^^^^^^^^^^^^^^^^^^^^^^^^^^^^^^^^^^^^^^^^^^^^^^^^^^^
  4 | import { useState, useEffect } from "react";
  5 |
  6 | const GOOGLE_MAPS_API_KEY = process.env.NEXT_PUBLIC_GOOGLE_MAPS_API_KEY || "";

The export MapTypeControlStyle was not found in module [project]/node_modules/@vis.gl/react-google-maps/dist/index.modern.mjs [app-client] (ecmascript).
Did you mean to import MapControl?
All exports of the module are statically known (It doesn't have dynamic exports). So it's known statically that the requested export doesn't exist.

Import trace:
  Client Component Browser:
    ./components/LocationMap.tsx [Client Component Browser]
    ./app/admin/registrations/[id]/page.tsx [Client Component Browser]
    ./app/admin/registrations/[id]/page.tsx [Server Component] @ http://localhost:3002/_next/static/chunks/node_modules_next_dist_f3530cac._.js:3127
[  841578ms] [LOG] [Fast Refresh] rebuilding @ http://localhost:3002/_next/static/chunks/node_modules_next_dist_f3530cac._.js:2297
[  841630ms] [ERROR] ./components/LocationMap.tsx:3:1
Export MapTypeControlStyle doesn't exist in target module
  1 | "use client";
  2 |
> 3 | import { APIProvider, Map, Marker, ControlPosition, MapTypeControlStyle, useMapsLibrary } from "@vis.gl/react-google-maps";
    | ^^^^^^^^^^^^^^^^^^^^^^^^^^^^^^^^^^^^^^^^^^^^^^^^^^^^^^^^^^^^^^^^^^^^^^^^^^^^^^^^^^^^^^^^^^^^^^^^^^^^^^^^^^^^^^^^^^^^^^^^^^^
  4 | import { useState, useEffect } from "react";
  5 |
  6 | const GOOGLE_MAPS_API_KEY = process.env.NEXT_PUBLIC_GOOGLE_MAPS_API_KEY || "";

The export MapTypeControlStyle was not found in module [project]/node_modules/@vis.gl/react-google-maps/dist/index.modern.mjs [app-client] (ecmascript).
Did you mean to import MapControl?
All exports of the module are statically known (It doesn't have dynamic exports). So it's known statically that the requested export doesn't exist.

Import trace:
  Client Component Browser:
    ./components/LocationMap.tsx [Client Component Browser]
    ./app/admin/registrations/[id]/page.tsx [Client Component Browser]
    ./app/admin/registrations/[id]/page.tsx [Server Component] @ http://localhost:3002/_next/static/chunks/node_modules_next_dist_f3530cac._.js:3127
[  851804ms] [LOG] [Fast Refresh] rebuilding @ http://localhost:3002/_next/static/chunks/node_modules_next_dist_f3530cac._.js:2297
[  851895ms] [ERROR] ./components/LocationMap.tsx:3:1
Export MapTypeControlStyle doesn't exist in target module
  1 | "use client";
  2 |
> 3 | import { APIProvider, Map, Marker, ControlPosition, MapTypeControlStyle, useMapsLibrary } from "@vis.gl/react-google-maps";
    | ^^^^^^^^^^^^^^^^^^^^^^^^^^^^^^^^^^^^^^^^^^^^^^^^^^^^^^^^^^^^^^^^^^^^^^^^^^^^^^^^^^^^^^^^^^^^^^^^^^^^^^^^^^^^^^^^^^^^^^^^^^^
  4 | import { useState, useEffect } from "react";
  5 |
  6 | const GOOGLE_MAPS_API_KEY = process.env.NEXT_PUBLIC_GOOGLE_MAPS_API_KEY || "";

The export MapTypeControlStyle was not found in module [project]/node_modules/@vis.gl/react-google-maps/dist/index.modern.mjs [app-client] (ecmascript).
Did you mean to import MapControl?
All exports of the module are statically known (It doesn't have dynamic exports). So it's known statically that the requested export doesn't exist.

Import trace:
  Client Component Browser:
    ./components/LocationMap.tsx [Client Component Browser]
    ./app/admin/registrations/[id]/page.tsx [Client Component Browser]
    ./app/admin/registrations/[id]/page.tsx [Server Component] @ http://localhost:3002/_next/static/chunks/node_modules_next_dist_f3530cac._.js:3127
[  860880ms] [LOG] [Fast Refresh] rebuilding @ http://localhost:3002/_next/static/chunks/node_modules_next_dist_f3530cac._.js:2297
[  861002ms] [ERROR] ./components/LocationMap.tsx:3:1
Export MapTypeControlStyle doesn't exist in target module
  1 | "use client";
  2 |
> 3 | import { APIProvider, Map, Marker, ControlPosition, MapTypeControlStyle, useMapsLibrary } from "@vis.gl/react-google-maps";
    | ^^^^^^^^^^^^^^^^^^^^^^^^^^^^^^^^^^^^^^^^^^^^^^^^^^^^^^^^^^^^^^^^^^^^^^^^^^^^^^^^^^^^^^^^^^^^^^^^^^^^^^^^^^^^^^^^^^^^^^^^^^^
  4 | import { useState, useEffect } from "react";
  5 |
  6 | const GOOGLE_MAPS_API_KEY = process.env.NEXT_PUBLIC_GOOGLE_MAPS_API_KEY || "";

The export MapTypeControlStyle was not found in module [project]/node_modules/@vis.gl/react-google-maps/dist/index.modern.mjs [app-client] (ecmascript).
Did you mean to import MapControl?
All exports of the module are statically known (It doesn't have dynamic exports). So it's known statically that the requested export doesn't exist.

Import trace:
  Client Component Browser:
    ./components/LocationMap.tsx [Client Component Browser]
    ./app/admin/registrations/[id]/page.tsx [Client Component Browser]
    ./app/admin/registrations/[id]/page.tsx [Server Component] @ http://localhost:3002/_next/static/chunks/node_modules_next_dist_f3530cac._.js:3127
[  867994ms] [LOG] [Fast Refresh] rebuilding @ http://localhost:3002/_next/static/chunks/node_modules_next_dist_f3530cac._.js:2297
[  868047ms] [ERROR] ./components/LocationMap.tsx:3:1
Export MapTypeControlStyle doesn't exist in target module
  1 | "use client";
  2 |
> 3 | import { APIProvider, Map, Marker, ControlPosition, MapTypeControlStyle, useMapsLibrary } from "@vis.gl/react-google-maps";
    | ^^^^^^^^^^^^^^^^^^^^^^^^^^^^^^^^^^^^^^^^^^^^^^^^^^^^^^^^^^^^^^^^^^^^^^^^^^^^^^^^^^^^^^^^^^^^^^^^^^^^^^^^^^^^^^^^^^^^^^^^^^^
  4 | import { useState, useEffect } from "react";
  5 |
  6 | const GOOGLE_MAPS_API_KEY = process.env.NEXT_PUBLIC_GOOGLE_MAPS_API_KEY || "";

The export MapTypeControlStyle was not found in module [project]/node_modules/@vis.gl/react-google-maps/dist/index.modern.mjs [app-client] (ecmascript).
Did you mean to import MapControl?
All exports of the module are statically known (It doesn't have dynamic exports). So it's known statically that the requested export doesn't exist.

Import trace:
  Client Component Browser:
    ./components/LocationMap.tsx [Client Component Browser]
    ./app/admin/registrations/[id]/page.tsx [Client Component Browser]
    ./app/admin/registrations/[id]/page.tsx [Server Component] @ http://localhost:3002/_next/static/chunks/node_modules_next_dist_f3530cac._.js:3127
[  874638ms] [LOG] [Fast Refresh] rebuilding @ http://localhost:3002/_next/static/chunks/node_modules_next_dist_f3530cac._.js:2297
[  874680ms] [ERROR] ./components/LocationMap.tsx:3:1
Export MapTypeControlStyle doesn't exist in target module
  1 | "use client";
  2 |
> 3 | import { APIProvider, Map, Marker, ControlPosition, MapTypeControlStyle, useMapsLibrary } from "@vis.gl/react-google-maps";
    | ^^^^^^^^^^^^^^^^^^^^^^^^^^^^^^^^^^^^^^^^^^^^^^^^^^^^^^^^^^^^^^^^^^^^^^^^^^^^^^^^^^^^^^^^^^^^^^^^^^^^^^^^^^^^^^^^^^^^^^^^^^^
  4 | import { useState, useEffect } from "react";
  5 |
  6 | const GOOGLE_MAPS_API_KEY = process.env.NEXT_PUBLIC_GOOGLE_MAPS_API_KEY || "";

The export MapTypeControlStyle was not found in module [project]/node_modules/@vis.gl/react-google-maps/dist/index.modern.mjs [app-client] (ecmascript).
Did you mean to import MapControl?
All exports of the module are statically known (It doesn't have dynamic exports). So it's known statically that the requested export doesn't exist.

Import trace:
  Client Component Browser:
    ./components/LocationMap.tsx [Client Component Browser]
    ./app/admin/registrations/[id]/page.tsx [Client Component Browser]
    ./app/admin/registrations/[id]/page.tsx [Server Component] @ http://localhost:3002/_next/static/chunks/node_modules_next_dist_f3530cac._.js:3127
[  878760ms] [LOG] [Fast Refresh] rebuilding @ http://localhost:3002/_next/static/chunks/node_modules_next_dist_f3530cac._.js:2297
[  878795ms] [ERROR] ./components/LocationMap.tsx:3:1
Export MapTypeControlStyle doesn't exist in target module
  1 | "use client";
  2 |
> 3 | import { APIProvider, Map, Marker, ControlPosition, MapTypeControlStyle, useMapsLibrary } from "@vis.gl/react-google-maps";
    | ^^^^^^^^^^^^^^^^^^^^^^^^^^^^^^^^^^^^^^^^^^^^^^^^^^^^^^^^^^^^^^^^^^^^^^^^^^^^^^^^^^^^^^^^^^^^^^^^^^^^^^^^^^^^^^^^^^^^^^^^^^^
  4 | import { useState, useEffect } from "react";
  5 |
  6 | const GOOGLE_MAPS_API_KEY = process.env.NEXT_PUBLIC_GOOGLE_MAPS_API_KEY || "";

The export MapTypeControlStyle was not found in module [project]/node_modules/@vis.gl/react-google-maps/dist/index.modern.mjs [app-client] (ecmascript).
Did you mean to import MapControl?
All exports of the module are statically known (It doesn't have dynamic exports). So it's known statically that the requested export doesn't exist.

Import trace:
  Client Component Browser:
    ./components/LocationMap.tsx [Client Component Browser]
    ./app/admin/registrations/[id]/page.tsx [Client Component Browser]
    ./app/admin/registrations/[id]/page.tsx [Server Component] @ http://localhost:3002/_next/static/chunks/node_modules_next_dist_f3530cac._.js:3127
[  878888ms] [LOG] %c[Vercel Speed Insights]%c [vitals] color: rgb(120, 120, 120) color: inherit {speed: 4g, metrics: Array(4), scriptVersion: 0.1.3, sdkName: @vercel/speed-insights/next, sdkVersion: 1.3.1} /_vercel/speed-insights/vitals @ http://localhost:3002/_next/static/chunks/node_modules_next_dist_f3530cac._.js:2297
[  878893ms] [LOG] %c[Vercel Speed Insights]%c [vitals] color: rgb(120, 120, 120) color: inherit {speed: 4g, metrics: Array(1), scriptVersion: 0.1.3, sdkName: @vercel/speed-insights/next, sdkVersion: 1.3.1} /_vercel/speed-insights/vitals @ http://localhost:3002/_next/static/chunks/node_modules_next_dist_f3530cac._.js:2297
[  879655ms] [INFO] %cDownload the React DevTools for a better development experience: https://react.dev/link/react-devtools font-weight:bold @ http://localhost:3002/_next/static/chunks/node_modules_next_dist_f3530cac._.js:2297
[  879722ms] [LOG] [HMR] connected @ http://localhost:3002/_next/static/chunks/node_modules_next_dist_f3530cac._.js:2297
[  879728ms] [LOG] %c[Vercel Web Analytics]%c Debug mode is enabled by default in development. No requests will be sent to the server. color: rgb(120, 120, 120) color: inherit @ http://localhost:3002/_next/static/chunks/node_modules_next_dist_f3530cac._.js:2297
[  879728ms] [LOG] %c[Vercel Web Analytics]%c [view] http://localhost:3002/arcade color: rgb(120, 120, 120) color: inherit {o: http://localhost:3002/arcade, sv: 0.1.3, sdkn: @vercel/analytics/react, sdkv: 1.6.1, ts: 1775271531454} /_vercel/insights/view @ http://localhost:3002/_next/static/chunks/node_modules_next_dist_f3530cac._.js:2297
[  879732ms] [LOG] %c[Vercel Speed Insights]%c Debug mode is enabled by default in development. No requests will be sent to the server. color: rgb(120, 120, 120) color: inherit @ http://localhost:3002/_next/static/chunks/node_modules_next_dist_f3530cac._.js:2297
[  879809ms] [ERROR] ./components/LocationMap.tsx:3:1
Export MapTypeControlStyle doesn't exist in target module
  1 | "use client";
  2 |
> 3 | import { APIProvider, Map, Marker, ControlPosition, MapTypeControlStyle, useMapsLibrary } from "@vis.gl/react-google-maps";
    | ^^^^^^^^^^^^^^^^^^^^^^^^^^^^^^^^^^^^^^^^^^^^^^^^^^^^^^^^^^^^^^^^^^^^^^^^^^^^^^^^^^^^^^^^^^^^^^^^^^^^^^^^^^^^^^^^^^^^^^^^^^^
  4 | import { useState, useEffect } from "react";
  5 |
  6 | const GOOGLE_MAPS_API_KEY = process.env.NEXT_PUBLIC_GOOGLE_MAPS_API_KEY || "";

The export MapTypeControlStyle was not found in module [project]/node_modules/@vis.gl/react-google-maps/dist/index.modern.mjs [app-client] (ecmascript).
Did you mean to import MapControl?
All exports of the module are statically known (It doesn't have dynamic exports). So it's known statically that the requested export doesn't exist.

Import trace:
  Client Component Browser:
    ./components/LocationMap.tsx [Client Component Browser]
    ./app/admin/registrations/[id]/page.tsx [Client Component Browser]
    ./app/admin/registrations/[id]/page.tsx [Server Component] @ http://localhost:3002/_next/static/chunks/node_modules_next_dist_f3530cac._.js:3127
[  880011ms] [LOG] [Fast Refresh] rebuilding @ http://localhost:3002/_next/static/chunks/node_modules_next_dist_f3530cac._.js:2297
[  880054ms] [ERROR] ./components/LocationMap.tsx:3:1
Export MapTypeControlStyle doesn't exist in target module
  1 | "use client";
  2 |
> 3 | import { APIProvider, Map, Marker, ControlPosition, MapTypeControlStyle, useMapsLibrary } from "@vis.gl/react-google-maps";
    | ^^^^^^^^^^^^^^^^^^^^^^^^^^^^^^^^^^^^^^^^^^^^^^^^^^^^^^^^^^^^^^^^^^^^^^^^^^^^^^^^^^^^^^^^^^^^^^^^^^^^^^^^^^^^^^^^^^^^^^^^^^^
  4 | import { useState, useEffect } from "react";
  5 |
  6 | const GOOGLE_MAPS_API_KEY = process.env.NEXT_PUBLIC_GOOGLE_MAPS_API_KEY || "";

The export MapTypeControlStyle was not found in module [project]/node_modules/@vis.gl/react-google-maps/dist/index.modern.mjs [app-client] (ecmascript).
Did you mean to import MapControl?
All exports of the module are statically known (It doesn't have dynamic exports). So it's known statically that the requested export doesn't exist.

Import trace:
  Client Component Browser:
    ./components/LocationMap.tsx [Client Component Browser]
    ./app/admin/registrations/[id]/page.tsx [Client Component Browser]
    ./app/admin/registrations/[id]/page.tsx [Server Component] @ http://localhost:3002/_next/static/chunks/node_modules_next_dist_f3530cac._.js:3127
[  880193ms] [ERROR] ./components/LocationMap.tsx:3:1
Export MapTypeControlStyle doesn't exist in target module
  1 | "use client";
  2 |
> 3 | import { APIProvider, Map, Marker, ControlPosition, MapTypeControlStyle, useMapsLibrary } from "@vis.gl/react-google-maps";
    | ^^^^^^^^^^^^^^^^^^^^^^^^^^^^^^^^^^^^^^^^^^^^^^^^^^^^^^^^^^^^^^^^^^^^^^^^^^^^^^^^^^^^^^^^^^^^^^^^^^^^^^^^^^^^^^^^^^^^^^^^^^^
  4 | import { useState, useEffect } from "react";
  5 |
  6 | const GOOGLE_MAPS_API_KEY = process.env.NEXT_PUBLIC_GOOGLE_MAPS_API_KEY || "";

The export MapTypeControlStyle was not found in module [project]/node_modules/@vis.gl/react-google-maps/dist/index.modern.mjs [app-client] (ecmascript).
Did you mean to import MapControl?
All exports of the module are statically known (It doesn't have dynamic exports). So it's known statically that the requested export doesn't exist.

Import trace:
  Client Component Browser:
    ./components/LocationMap.tsx [Client Component Browser]
    ./app/admin/registrations/[id]/page.tsx [Client Component Browser]
    ./app/admin/registrations/[id]/page.tsx [Server Component] @ http://localhost:3002/_next/static/chunks/node_modules_next_dist_f3530cac._.js:3127
[  880293ms] [ERROR] ./components/LocationMap.tsx:3:1
Export MapTypeControlStyle doesn't exist in target module
  1 | "use client";
  2 |
> 3 | import { APIProvider, Map, Marker, ControlPosition, MapTypeControlStyle, useMapsLibrary } from "@vis.gl/react-google-maps";
    | ^^^^^^^^^^^^^^^^^^^^^^^^^^^^^^^^^^^^^^^^^^^^^^^^^^^^^^^^^^^^^^^^^^^^^^^^^^^^^^^^^^^^^^^^^^^^^^^^^^^^^^^^^^^^^^^^^^^^^^^^^^^
  4 | import { useState, useEffect } from "react";
  5 |
  6 | const GOOGLE_MAPS_API_KEY = process.env.NEXT_PUBLIC_GOOGLE_MAPS_API_KEY || "";

The export MapTypeControlStyle was not found in module [project]/node_modules/@vis.gl/react-google-maps/dist/index.modern.mjs [app-client] (ecmascript).
Did you mean to import MapControl?
All exports of the module are statically known (It doesn't have dynamic exports). So it's known statically that the requested export doesn't exist.

Import trace:
  Client Component Browser:
    ./components/LocationMap.tsx [Client Component Browser]
    ./app/admin/registrations/[id]/page.tsx [Client Component Browser]
    ./app/admin/registrations/[id]/page.tsx [Server Component] @ http://localhost:3002/_next/static/chunks/node_modules_next_dist_f3530cac._.js:3127
[  880339ms] [ERROR] ./components/LocationMap.tsx:3:1
Export MapTypeControlStyle doesn't exist in target module
  1 | "use client";
  2 |
> 3 | import { APIProvider, Map, Marker, ControlPosition, MapTypeControlStyle, useMapsLibrary } from "@vis.gl/react-google-maps";
    | ^^^^^^^^^^^^^^^^^^^^^^^^^^^^^^^^^^^^^^^^^^^^^^^^^^^^^^^^^^^^^^^^^^^^^^^^^^^^^^^^^^^^^^^^^^^^^^^^^^^^^^^^^^^^^^^^^^^^^^^^^^^
  4 | import { useState, useEffect } from "react";
  5 |
  6 | const GOOGLE_MAPS_API_KEY = process.env.NEXT_PUBLIC_GOOGLE_MAPS_API_KEY || "";

The export MapTypeControlStyle was not found in module [project]/node_modules/@vis.gl/react-google-maps/dist/index.modern.mjs [app-client] (ecmascript).
Did you mean to import MapControl?
All exports of the module are statically known (It doesn't have dynamic exports). So it's known statically that the requested export doesn't exist.

Import trace:
  Client Component Browser:
    ./components/LocationMap.tsx [Client Component Browser]
    ./app/admin/registrations/[id]/page.tsx [Client Component Browser]
    ./app/admin/registrations/[id]/page.tsx [Server Component] @ http://localhost:3002/_next/static/chunks/node_modules_next_dist_f3530cac._.js:3127
[  880437ms] [ERROR] ./components/LocationMap.tsx:3:1
Export MapTypeControlStyle doesn't exist in target module
  1 | "use client";
  2 |
> 3 | import { APIProvider, Map, Marker, ControlPosition, MapTypeControlStyle, useMapsLibrary } from "@vis.gl/react-google-maps";
    | ^^^^^^^^^^^^^^^^^^^^^^^^^^^^^^^^^^^^^^^^^^^^^^^^^^^^^^^^^^^^^^^^^^^^^^^^^^^^^^^^^^^^^^^^^^^^^^^^^^^^^^^^^^^^^^^^^^^^^^^^^^^
  4 | import { useState, useEffect } from "react";
  5 |
  6 | const GOOGLE_MAPS_API_KEY = process.env.NEXT_PUBLIC_GOOGLE_MAPS_API_KEY || "";

The export MapTypeControlStyle was not found in module [project]/node_modules/@vis.gl/react-google-maps/dist/index.modern.mjs [app-client] (ecmascript).
Did you mean to import MapControl?
All exports of the module are statically known (It doesn't have dynamic exports). So it's known statically that the requested export doesn't exist.

Import trace:
  Client Component Browser:
    ./components/LocationMap.tsx [Client Component Browser]
    ./app/admin/registrations/[id]/page.tsx [Client Component Browser]
    ./app/admin/registrations/[id]/page.tsx [Server Component] @ http://localhost:3002/_next/static/chunks/node_modules_next_dist_f3530cac._.js:3127
[  880463ms] [LOG] [Fast Refresh] rebuilding @ http://localhost:3002/_next/static/chunks/node_modules_next_dist_f3530cac._.js:2297
[  881113ms] [LOG] %c %c %c %c %c Phaser v3.90.0 (WebGL | Web Audio) %c https://phaser.io/v390 background: #ff0000 background: #ffff00 background: #00ff00 background: #00ffff color: #ffffff; background: #000000 background: transparent @ http://localhost:3002/_next/static/chunks/node_modules_next_dist_f3530cac._.js:2297
[  881131ms] [LOG] %c %c %c %c %c Phaser v3.90.0 (WebGL | Web Audio) %c https://phaser.io/v390 background: #ff0000 background: #ffff00 background: #00ff00 background: #00ffff color: #ffffff; background: #000000 background: transparent @ http://localhost:3002/_next/static/chunks/node_modules_next_dist_f3530cac._.js:2297
[  882827ms] [ERROR] ./components/LocationMap.tsx:3:1
Export MapTypeControlStyle doesn't exist in target module
  1 | "use client";
  2 |
> 3 | import { APIProvider, Map, Marker, ControlPosition, MapTypeControlStyle, useMapsLibrary } from "@vis.gl/react-google-maps";
    | ^^^^^^^^^^^^^^^^^^^^^^^^^^^^^^^^^^^^^^^^^^^^^^^^^^^^^^^^^^^^^^^^^^^^^^^^^^^^^^^^^^^^^^^^^^^^^^^^^^^^^^^^^^^^^^^^^^^^^^^^^^^
  4 | import { useState, useEffect } from "react";
  5 |
  6 | const GOOGLE_MAPS_API_KEY = process.env.NEXT_PUBLIC_GOOGLE_MAPS_API_KEY || "";

The export MapTypeControlStyle was not found in module [project]/node_modules/@vis.gl/react-google-maps/dist/index.modern.mjs [app-client] (ecmascript).
Did you mean to import MapControl?
All exports of the module are statically known (It doesn't have dynamic exports). So it's known statically that the requested export doesn't exist.

Import trace:
  Client Component Browser:
    ./components/LocationMap.tsx [Client Component Browser]
    ./app/admin/registrations/[id]/page.tsx [Client Component Browser]
    ./app/admin/registrations/[id]/page.tsx [Server Component] @ http://localhost:3002/_next/static/chunks/node_modules_next_dist_f3530cac._.js:3127
[  882920ms] [ERROR] ./components/LocationMap.tsx:3:1
Export MapTypeControlStyle doesn't exist in target module
  1 | "use client";
  2 |
> 3 | import { APIProvider, Map, Marker, ControlPosition, MapTypeControlStyle, useMapsLibrary } from "@vis.gl/react-google-maps";
    | ^^^^^^^^^^^^^^^^^^^^^^^^^^^^^^^^^^^^^^^^^^^^^^^^^^^^^^^^^^^^^^^^^^^^^^^^^^^^^^^^^^^^^^^^^^^^^^^^^^^^^^^^^^^^^^^^^^^^^^^^^^^
  4 | import { useState, useEffect } from "react";
  5 |
  6 | const GOOGLE_MAPS_API_KEY = process.env.NEXT_PUBLIC_GOOGLE_MAPS_API_KEY || "";

The export MapTypeControlStyle was not found in module [project]/node_modules/@vis.gl/react-google-maps/dist/index.modern.mjs [app-client] (ecmascript).
Did you mean to import MapControl?
All exports of the module are statically known (It doesn't have dynamic exports). So it's known statically that the requested export doesn't exist.

Import trace:
  Client Component Browser:
    ./components/LocationMap.tsx [Client Component Browser]
    ./app/admin/registrations/[id]/page.tsx [Client Component Browser]
    ./app/admin/registrations/[id]/page.tsx [Server Component] @ http://localhost:3002/_next/static/chunks/node_modules_next_dist_f3530cac._.js:3127
[  882929ms] [LOG] [Fast Refresh] rebuilding @ http://localhost:3002/_next/static/chunks/node_modules_next_dist_f3530cac._.js:2297
[  882930ms] [ERROR] Failed to load resource: the server responded with a status of 500 (Internal Server Error) @ http://localhost:3002/api/race:0
[  882962ms] [ERROR] Failed to load resource: the server responded with a status of 500 (Internal Server Error) @ http://localhost:3002/api/race:0
[  883014ms] [ERROR] ./components/LocationMap.tsx:3:1
Export MapTypeControlStyle doesn't exist in target module
  1 | "use client";
  2 |
> 3 | import { APIProvider, Map, Marker, ControlPosition, MapTypeControlStyle, useMapsLibrary } from "@vis.gl/react-google-maps";
    | ^^^^^^^^^^^^^^^^^^^^^^^^^^^^^^^^^^^^^^^^^^^^^^^^^^^^^^^^^^^^^^^^^^^^^^^^^^^^^^^^^^^^^^^^^^^^^^^^^^^^^^^^^^^^^^^^^^^^^^^^^^^
  4 | import { useState, useEffect } from "react";
  5 |
  6 | const GOOGLE_MAPS_API_KEY = process.env.NEXT_PUBLIC_GOOGLE_MAPS_API_KEY || "";

The export MapTypeControlStyle was not found in module [project]/node_modules/@vis.gl/react-google-maps/dist/index.modern.mjs [app-client] (ecmascript).
Did you mean to import MapControl?
All exports of the module are statically known (It doesn't have dynamic exports). So it's known statically that the requested export doesn't exist.

Import trace:
  Client Component Browser:
    ./components/LocationMap.tsx [Client Component Browser]
    ./app/admin/registrations/[id]/page.tsx [Client Component Browser]
    ./app/admin/registrations/[id]/page.tsx [Server Component] @ http://localhost:3002/_next/static/chunks/node_modules_next_dist_f3530cac._.js:3127
[  883038ms] [LOG] [Fast Refresh] rebuilding @ http://localhost:3002/_next/static/chunks/node_modules_next_dist_f3530cac._.js:2297
[  889058ms] [LOG] [Fast Refresh] rebuilding @ http://localhost:3002/_next/static/chunks/node_modules_next_dist_f3530cac._.js:2297
[  889091ms] [ERROR] ./components/LocationMap.tsx:3:1
Export MapTypeControlStyle doesn't exist in target module
  1 | "use client";
  2 |
> 3 | import { APIProvider, Map, Marker, ControlPosition, MapTypeControlStyle, useMapsLibrary } from "@vis.gl/react-google-maps";
    | ^^^^^^^^^^^^^^^^^^^^^^^^^^^^^^^^^^^^^^^^^^^^^^^^^^^^^^^^^^^^^^^^^^^^^^^^^^^^^^^^^^^^^^^^^^^^^^^^^^^^^^^^^^^^^^^^^^^^^^^^^^^
  4 | import { useState, useEffect } from "react";
  5 |
  6 | const GOOGLE_MAPS_API_KEY = process.env.NEXT_PUBLIC_GOOGLE_MAPS_API_KEY || "";

The export MapTypeControlStyle was not found in module [project]/node_modules/@vis.gl/react-google-maps/dist/index.modern.mjs [app-client] (ecmascript).
Did you mean to import MapControl?
All exports of the module are statically known (It doesn't have dynamic exports). So it's known statically that the requested export doesn't exist.

Import trace:
  Client Component Browser:
    ./components/LocationMap.tsx [Client Component Browser]
    ./app/admin/registrations/[id]/page.tsx [Client Component Browser]
    ./app/admin/registrations/[id]/page.tsx [Server Component] @ http://localhost:3002/_next/static/chunks/node_modules_next_dist_f3530cac._.js:3127
[  892794ms] [ERROR] ./components/LocationMap.tsx:3:1
Export MapTypeControlStyle doesn't exist in target module
  1 | "use client";
  2 |
> 3 | import { APIProvider, Map, Marker, ControlPosition, MapTypeControlStyle, useMapsLibrary } from "@vis.gl/react-google-maps";
    | ^^^^^^^^^^^^^^^^^^^^^^^^^^^^^^^^^^^^^^^^^^^^^^^^^^^^^^^^^^^^^^^^^^^^^^^^^^^^^^^^^^^^^^^^^^^^^^^^^^^^^^^^^^^^^^^^^^^^^^^^^^^
  4 | import { useState, useEffect } from "react";
  5 |
  6 | const GOOGLE_MAPS_API_KEY = process.env.NEXT_PUBLIC_GOOGLE_MAPS_API_KEY || "";

The export MapTypeControlStyle was not found in module [project]/node_modules/@vis.gl/react-google-maps/dist/index.modern.mjs [app-client] (ecmascript).
Did you mean to import MapControl?
All exports of the module are statically known (It doesn't have dynamic exports). So it's known statically that the requested export doesn't exist.

Import trace:
  Client Component Browser:
    ./components/LocationMap.tsx [Client Component Browser]
    ./app/admin/registrations/[id]/page.tsx [Client Component Browser]
    ./app/admin/registrations/[id]/page.tsx [Server Component] @ http://localhost:3002/_next/static/chunks/node_modules_next_dist_f3530cac._.js:3127
[  892821ms] [LOG] [Fast Refresh] rebuilding @ http://localhost:3002/_next/static/chunks/node_modules_next_dist_f3530cac._.js:2297
[  908591ms] [LOG] [Fast Refresh] rebuilding @ http://localhost:3002/_next/static/chunks/node_modules_next_dist_f3530cac._.js:2297
[  908644ms] [LOG] [Fast Refresh] done in 137ms @ http://localhost:3002/_next/static/chunks/node_modules_next_dist_f3530cac._.js:2297
[  909697ms] [LOG] [Fast Refresh] rebuilding @ http://localhost:3002/_next/static/chunks/node_modules_next_dist_f3530cac._.js:2297
[  909702ms] [LOG] [Fast Refresh] done in 107ms @ http://localhost:3002/_next/static/chunks/node_modules_next_dist_f3530cac._.js:2297
[  914738ms] [LOG] [Fast Refresh] rebuilding @ http://localhost:3002/_next/static/chunks/node_modules_next_dist_f3530cac._.js:2297
[  914743ms] [LOG] [Fast Refresh] done in 107ms @ http://localhost:3002/_next/static/chunks/node_modules_next_dist_f3530cac._.js:2297
[  915469ms] [LOG] [Fast Refresh] rebuilding @ http://localhost:3002/_next/static/chunks/node_modules_next_dist_f3530cac._.js:2297
[  915510ms] [LOG] [Fast Refresh] done in 143ms @ http://localhost:3002/_next/static/chunks/node_modules_next_dist_f3530cac._.js:2297
[  951780ms] [LOG] [Fast Refresh] rebuilding @ http://localhost:3002/_next/static/chunks/node_modules_next_dist_f3530cac._.js:2297
[  953064ms] [LOG] [Fast Refresh] done in 1384ms @ http://localhost:3002/_next/static/chunks/node_modules_next_dist_f3530cac._.js:2297
[  955363ms] [LOG] [Fast Refresh] rebuilding @ http://localhost:3002/_next/static/chunks/node_modules_next_dist_f3530cac._.js:2297
[  955532ms] [LOG] [Fast Refresh] done in 272ms @ http://localhost:3002/_next/static/chunks/node_modules_next_dist_f3530cac._.js:2297
[  955958ms] [LOG] [Fast Refresh] rebuilding @ http://localhost:3002/_next/static/chunks/node_modules_next_dist_f3530cac._.js:2297
[  956081ms] [LOG] [Fast Refresh] done in 223ms @ http://localhost:3002/_next/static/chunks/node_modules_next_dist_f3530cac._.js:2297
[  962033ms] [LOG] [Fast Refresh] rebuilding @ http://localhost:3002/_next/static/chunks/node_modules_next_dist_f3530cac._.js:2297
[  965267ms] [LOG] [Fast Refresh] done in 3335ms @ http://localhost:3002/_next/static/chunks/node_modules_next_dist_f3530cac._.js:2297
[ 1031761ms] [LOG] [Fast Refresh] rebuilding @ http://localhost:3002/_next/static/chunks/node_modules_next_dist_f3530cac._.js:2297
[ 1031836ms] [LOG] [Fast Refresh] done in 152ms @ http://localhost:3002/_next/static/chunks/node_modules_next_dist_f3530cac._.js:2297
[ 1044331ms] [LOG] [Fast Refresh] rebuilding @ http://localhost:3002/_next/static/chunks/node_modules_next_dist_f3530cac._.js:2297
[ 1044354ms] [LOG] [Fast Refresh] done in 87ms @ http://localhost:3002/_next/static/chunks/node_modules_next_dist_f3530cac._.js:2297
[ 1067352ms] [LOG] [Fast Refresh] rebuilding @ http://localhost:3002/_next/static/chunks/node_modules_next_dist_f3530cac._.js:2297
[ 1067417ms] [LOG] [Fast Refresh] done in 144ms @ http://localhost:3002/_next/static/chunks/node_modules_next_dist_f3530cac._.js:2297
[ 1072531ms] [LOG] [Fast Refresh] rebuilding @ http://localhost:3002/_next/static/chunks/node_modules_next_dist_f3530cac._.js:2297
[ 1072558ms] [LOG] [Fast Refresh] done in 103ms @ http://localhost:3002/_next/static/chunks/node_modules_next_dist_f3530cac._.js:2297
[ 1083334ms] [LOG] [Fast Refresh] rebuilding @ http://localhost:3002/_next/static/chunks/node_modules_next_dist_f3530cac._.js:2297
[ 1083362ms] [LOG] [Fast Refresh] done in 128ms @ http://localhost:3002/_next/static/chunks/node_modules_next_dist_f3530cac._.js:2297
